[debug] > Exec(early(addDefaultCommands), None, None)
[debug] > Exec(addDefaultCommands, None, None)
[debug] > Exec(early(initialize), None, None)
[debug] > Exec(initialize, None, None)
[debug] > Exec(boot, None, None)
[debug] > Exec(writeSbtVersion, None, None)
[debug] > Exec(reload, None, None)
[debug] > Exec(sbtStashOnFailure, None, None)
[debug] > Exec(onFailure loadFailed, None, None)
[debug] > Exec(loadp, None, None)
[info] welcome to sbt 1.5.5 (Oracle Corporation Java 17)
[debug]       Load.loadUnit: plugins took 443.6555ms
[debug]       Load.loadUnit: defsScala took 0.5149ms
[debug] [Loading] Scanning directory C:\Users\SPYCAT-PC\.sbt\1.0\plugins
[debug] [Loading] Found non-root projects 
[debug] [Loading] Done in C:\Users\SPYCAT-PC\.sbt\1.0\plugins, returning: ()
[debug] deducing auto plugins based on known facts Set(Atom(sbt.plugins.CorePlugin)) and clauses Clauses(Clause(Atom(sbt.plugins.JvmPlugin),Set(Atom(sbt.plugins.IvyPlugin)))
[debug] Clause(Atom(sbt.ScriptedPlugin),Set(Atom(sbt.plugins.JvmPlugin)))
[debug] Clause(Atom(sbt.plugins.SbtPlugin),Set(Atom(sbt.ScriptedPlugin)))
[debug] Clause(Atom(sbt.plugins.SemanticdbPlugin),Set(Atom(sbt.plugins.JvmPlugin)))
[debug] Clause(Atom(sbt.plugins.JUnitXmlReportPlugin),Set(Atom(sbt.plugins.JvmPlugin)))
[debug] Clause(Atom(sbt.plugins.MiniDependencyTreePlugin),Set(Atom(sbt.plugins.JvmPlugin)))
[debug] Clause(Atom(sbt.plugins.CorePlugin),Set(Atom(sbt.plugins.IvyPlugin)))
[debug] Clause(Atom(sbt.plugins.IvyPlugin),Set(Atom(sbt.plugins.JvmPlugin)))
[debug] Clause(Atom(sbt.plugins.JvmPlugin),Set(Atom(sbt.plugins.SemanticdbPlugin)))
[debug] Clause(Atom(sbt.plugins.JvmPlugin),Set(Atom(sbt.plugins.JUnitXmlReportPlugin)))
[debug] Clause(Atom(sbt.plugins.CorePlugin),Set(Atom(sbt.plugins.Giter8TemplatePlugin)))
[debug] Clause(Atom(sbt.plugins.JvmPlugin),Set(Atom(sbt.plugins.MiniDependencyTreePlugin))))
[debug]   :: deduced result: Matched(sbt.plugins.CorePlugin,sbt.plugins.Giter8TemplatePlugin,sbt.plugins.IvyPlugin,sbt.plugins.JvmPlugin,sbt.plugins.MiniDependencyTreePlugin,sbt.plugins.JUnitXmlReportPlugin,sbt.plugins.SemanticdbPlugin)
[debug] Plugins.deducer#function took 69.1176 ms
[debug]           Load.resolveProject(global-plugins) took 209.3169ms
[debug]         Load.loadTransitive: finalizeProject(Project(id global-plugins, base: C:\Users\SPYCAT-PC\.sbt\1.0\plugins, plugins: List(<none>))) took 341.0344ms
[debug] [Loading] Done in C:\Users\SPYCAT-PC\.sbt\1.0\plugins, returning: (global-plugins)
[debug]       Load.loadUnit: loadedProjectsRaw took 409.335401ms
[debug]       Load.loadUnit: cleanEvalClasses took 0.577799ms
[debug]     Load.loadUnit(file:/C:/Users/SPYCAT-PC/.sbt/1.0/plugins/, ...) took 891.397801ms
[debug]   Load.apply: load took 1427.2299ms
[debug]   Load.apply: resolveProjects took 16.111099ms
[debug]   Load.apply: finalTransforms took 212.2702ms
[debug]   Load.apply: config.delegates took 18.3817ms
[debug]   Load.apply: Def.make(settings)... took 1359.4044ms
[debug]   Load.apply: structureIndex took 275.7137ms
[debug]   Load.apply: mkStreams took 2.5784ms
[info] loading global plugins from C:\Users\SPYCAT-PC\.sbt\1.0\plugins
[debug] Running task... Cancel: Signal, check cycles: false, forcegc: true
[debug] Load.defaultLoad until apply took 9007.09ms
[debug]           Load.loadUnit: plugins took 104.246701ms
[debug]           Load.loadUnit: defsScala took 0.0134ms
[debug] [Loading] Scanning directory D:\PROJECTS\SCALA\advent_of_code_2021\demo\project
[debug] [Loading] Found non-root projects 
[debug] [Loading] Done in D:\PROJECTS\SCALA\advent_of_code_2021\demo\project, returning: ()
[debug] deducing auto plugins based on known facts Set(Atom(sbt.plugins.CorePlugin)) and clauses Clauses(Clause(Atom(sbt.plugins.JvmPlugin),Set(Atom(sbt.plugins.IvyPlugin)))
[debug] Clause(Atom(sbt.ScriptedPlugin),Set(Atom(sbt.plugins.JvmPlugin)))
[debug] Clause(Atom(sbt.plugins.SbtPlugin),Set(Atom(sbt.ScriptedPlugin)))
[debug] Clause(Atom(sbt.plugins.SemanticdbPlugin),Set(Atom(sbt.plugins.JvmPlugin)))
[debug] Clause(Atom(sbt.plugins.JUnitXmlReportPlugin),Set(Atom(sbt.plugins.JvmPlugin)))
[debug] Clause(Atom(sbt.plugins.MiniDependencyTreePlugin),Set(Atom(sbt.plugins.JvmPlugin)))
[debug] Clause(Atom(sbt.plugins.CorePlugin),Set(Atom(sbt.plugins.IvyPlugin)))
[debug] Clause(Atom(sbt.plugins.IvyPlugin),Set(Atom(sbt.plugins.JvmPlugin)))
[debug] Clause(Atom(sbt.plugins.JvmPlugin),Set(Atom(sbt.plugins.SemanticdbPlugin)))
[debug] Clause(Atom(sbt.plugins.JvmPlugin),Set(Atom(sbt.plugins.JUnitXmlReportPlugin)))
[debug] Clause(Atom(sbt.plugins.CorePlugin),Set(Atom(sbt.plugins.Giter8TemplatePlugin)))
[debug] Clause(Atom(sbt.plugins.JvmPlugin),Set(Atom(sbt.plugins.MiniDependencyTreePlugin))))
[debug]   :: deduced result: Matched(sbt.plugins.CorePlugin,sbt.plugins.Giter8TemplatePlugin,sbt.plugins.IvyPlugin,sbt.plugins.JvmPlugin,sbt.plugins.MiniDependencyTreePlugin,sbt.plugins.JUnitXmlReportPlugin,sbt.plugins.SemanticdbPlugin)
[debug] Plugins.deducer#function took 4.419701 ms
[debug]               Load.resolveProject(demo-build) took 3.0959ms
[debug]             Load.loadTransitive: finalizeProject(Project(id demo-build, base: D:\PROJECTS\SCALA\advent_of_code_2021\demo\project, plugins: List(<none>))) took 9.1818ms
[debug] [Loading] Done in D:\PROJECTS\SCALA\advent_of_code_2021\demo\project, returning: (demo-build)
[debug]           Load.loadUnit: loadedProjectsRaw took 13.9314ms
[debug]           Load.loadUnit: cleanEvalClasses took 0.025601ms
[debug]         Load.loadUnit(file:/D:/PROJECTS/SCALA/advent_of_code_2021/demo/project/, ...) took 120.513199ms
[debug]       Load.apply: load took 123.847899ms
[debug]       Load.apply: resolveProjects took 0.2178ms
[debug]       Load.apply: finalTransforms took 69.6369ms
[debug]       Load.apply: config.delegates took 7.665901ms
[debug]       Load.apply: Def.make(settings)... took 410.535099ms
[debug]       Load.apply: structureIndex took 134.530701ms
[debug]       Load.apply: mkStreams took 0.0034ms
[info] loading project definition from D:\PROJECTS\SCALA\advent_of_code_2021\demo\project
[debug] Running task... Cancel: Signal, check cycles: false, forcegc: true
[debug]     Load.loadUnit: plugins took 6077.593801ms
[debug]     Load.loadUnit: defsScala took 0.007801ms
[debug] [Loading] Scanning directory D:\PROJECTS\SCALA\advent_of_code_2021\demo
[debug]       Load.loadUnit: mkEval took 16.0278ms
[debug] [Loading] Found non-root projects 
[debug] [Loading] Done in D:\PROJECTS\SCALA\advent_of_code_2021\demo, returning: ()
[debug] deducing auto plugins based on known facts Set(Atom(sbt.plugins.CorePlugin)) and clauses Clauses(Clause(Atom(sbt.plugins.JvmPlugin),Set(Atom(sbt.plugins.IvyPlugin)))
[debug] Clause(Atom(sbt.ScriptedPlugin),Set(Atom(sbt.plugins.JvmPlugin)))
[debug] Clause(Atom(sbt.plugins.SbtPlugin),Set(Atom(sbt.ScriptedPlugin)))
[debug] Clause(Atom(sbt.plugins.SemanticdbPlugin),Set(Atom(sbt.plugins.JvmPlugin)))
[debug] Clause(Atom(sbt.plugins.JUnitXmlReportPlugin),Set(Atom(sbt.plugins.JvmPlugin)))
[debug] Clause(Atom(sbt.plugins.MiniDependencyTreePlugin),Set(Atom(sbt.plugins.JvmPlugin)))
[debug] Clause(Atom(sbt.plugins.CorePlugin),Set(Atom(sbt.plugins.IvyPlugin)))
[debug] Clause(Atom(sbt.plugins.IvyPlugin),Set(Atom(sbt.plugins.JvmPlugin)))
[debug] Clause(Atom(sbt.plugins.JvmPlugin),Set(Atom(sbt.plugins.SemanticdbPlugin)))
[debug] Clause(Atom(sbt.plugins.JvmPlugin),Set(Atom(sbt.plugins.JUnitXmlReportPlugin)))
[debug] Clause(Atom(sbt.plugins.CorePlugin),Set(Atom(sbt.plugins.Giter8TemplatePlugin)))
[debug] Clause(Atom(sbt.plugins.JvmPlugin),Set(Atom(sbt.plugins.MiniDependencyTreePlugin))))
[debug]   :: deduced result: Matched(sbt.plugins.CorePlugin,sbt.plugins.Giter8TemplatePlugin,sbt.plugins.IvyPlugin,sbt.plugins.JvmPlugin,sbt.plugins.MiniDependencyTreePlugin,sbt.plugins.JUnitXmlReportPlugin,sbt.plugins.SemanticdbPlugin)
[debug] Plugins.deducer#function took 6.0168 ms
[info] loading settings for project demo from build.sbt ...
[debug]         Load.resolveProject(demo) took 9.5034ms
[debug]       Load.loadTransitive: finalizeProject(Project(id demo, base: D:\PROJECTS\SCALA\advent_of_code_2021\demo, plugins: List(<none>))) took 16.8388ms
[debug] [Loading] Done in D:\PROJECTS\SCALA\advent_of_code_2021\demo, returning: (demo)
[debug]     Load.loadUnit: loadedProjectsRaw took 8672.911ms
[debug]     Load.loadUnit: cleanEvalClasses took 28.9792ms
[debug]   Load.loadUnit(file:/D:/PROJECTS/SCALA/advent_of_code_2021/demo/, ...) took 14781.2621ms
[debug] Load.apply: load took 14798.6353ms
[debug] Load.apply: resolveProjects took 0.1955ms
[debug] Load.apply: finalTransforms took 63.1943ms
[debug] Load.apply: config.delegates took 0.640399ms
[debug] Load.apply: Def.make(settings)... took 255.012501ms
[debug] Load.apply: structureIndex took 76.942ms
[debug] Load.apply: mkStreams took 0.0039ms
[info] set current project to demo (in build file:/D:/PROJECTS/SCALA/advent_of_code_2021/demo/)
[debug] > Exec(sbtPopOnFailure, None, None)
[debug] > Exec(resumeFromFailure, None, None)
[debug] > Exec(notifyUsersAboutShell, None, None)
[debug] > Exec(iflast shell, None, None)
[debug] > Exec(shell, None, None)
[info] sbt server started at local:sbt-server-ccd8d12de21476204b6a
[debug] Writing bsp connection file
[info] started sbt server
